NOTE: PROCEDURE PRINTTO used (Total process time):
      real time           0.03 seconds
      cpu time            0.00 seconds
      

82   
83   
84   data total_points (drop=TeamName);
85   put _all_;
86    input TeamName $ ParticipantName $ Event1 Event2 Event3;
87    TeamTotal + (Event1 + Event2 + Event3);
88   put _all_;
89    datalines;

TeamName=  ParticipantName=  Event1=. Event2=. Event3=. TeamTotal=0 _ERROR_=0 _N_=1
TeamName=Knights ParticipantName=Sue Event1=6 Event2=8 Event3=8 TeamTotal=22 _ERROR_=0 _N_=1
TeamName=  ParticipantName=  Event1=. Event2=. Event3=. TeamTotal=22 _ERROR_=0 _N_=2
TeamName=Kings ParticipantName=Jane Event1=9 Event2=7 Event3=8 TeamTotal=46 _ERROR_=0 _N_=2
TeamName=  ParticipantName=  Event1=. Event2=. Event3=. TeamTotal=46 _ERROR_=0 _N_=3
TeamName=Knights ParticipantName=John Event1=7 Event2=7 Event3=7 TeamTotal=67 _ERROR_=0 _N_=3
TeamName=  ParticipantName=  Event1=. Event2=. Event3=. TeamTotal=67 _ERROR_=0 _N_=4
TeamName=Knights ParticipantName=Lisa Event1=8 Event2=9 Event3=9 TeamTotal=93 _ERROR_=0 _N_=4
TeamName=  ParticipantName=  Event1=. Event2=. Event3=. TeamTotal=93 _ERROR_=0 _N_=5
TeamName=Knights ParticipantName=Fran Event1=7 Event2=6 Event3=6 TeamTotal=112 _ERROR_=0 _N_=5
TeamName=  ParticipantName=  Event1=. Event2=. Event3=. TeamTotal=112 _ERROR_=0 _N_=6
TeamName=Knights ParticipantName=Walter Event1=9 Event2=8 Event3=10 TeamTotal=139 _ERROR_=0
_N_=6
TeamName=  ParticipantName=  Event1=. Event2=. Event3=. TeamTotal=139 _ERROR_=0 _N_=7
NOTE: The data set WORK.TOTAL_POINTS has 6 observations and 5 variables.
NOTE: DATA statement used (Total process time):
      real time           0.00 seconds
      cpu time            0.00 seconds
      

96   ;
97   
98   data total_points1 (drop=TeamName);
99   put _all_;
100   input TeamName $ ParticipantName $ Event1 Event2 Event3;
101   TeamTotal + sum(of Event1, Event2, Event3);
102  put _all_;
103   datalines;

TeamName=  ParticipantName=  Event1=. Event2=. Event3=. TeamTotal=0 _ERROR_=0 _N_=1
TeamName=Knights ParticipantName=Sue Event1=6 Event2=8 Event3=8 TeamTotal=22 _ERROR_=0 _N_=1
TeamName=  ParticipantName=  Event1=. Event2=. Event3=. TeamTotal=22 _ERROR_=0 _N_=2
TeamName=Kings ParticipantName=Jane Event1=9 Event2=7 Event3=8 TeamTotal=46 _ERROR_=0 _N_=2
TeamName=  ParticipantName=  Event1=. Event2=. Event3=. TeamTotal=46 _ERROR_=0 _N_=3
TeamName=Knights ParticipantName=John Event1=7 Event2=7 Event3=7 TeamTotal=67 _ERROR_=0 _N_=3
TeamName=  ParticipantName=  Event1=. Event2=. Event3=. TeamTotal=67 _ERROR_=0 _N_=4
TeamName=Knights ParticipantName=Lisa Event1=8 Event2=9 Event3=9 TeamTotal=93 _ERROR_=0 _N_=4
TeamName=  ParticipantName=  Event1=. Event2=. Event3=. TeamTotal=93 _ERROR_=0 _N_=5
TeamName=Knights ParticipantName=Fran Event1=7 Event2=6 Event3=6 TeamTotal=112 _ERROR_=0 _N_=5
TeamName=  ParticipantName=  Event1=. Event2=. Event3=. TeamTotal=112 _ERROR_=0 _N_=6
TeamName=Knights ParticipantName=Walter Event1=9 Event2=8 Event3=10 TeamTotal=139 _ERROR_=0
_N_=6
TeamName=  ParticipantName=  Event1=. Event2=. Event3=. TeamTotal=139 _ERROR_=0 _N_=7
NOTE: The data set WORK.TOTAL_POINTS1 has 6 observations and 5 variables.
NOTE: DATA statement used (Total process time):
      real time           0.00 seconds
      cpu time            0.00 seconds
      

110  ;
111  
112  data points (drop=TeamName);
113   input TeamName $ ParticipantName $ Event1 Event2 Event3;
114   datalines;

NOTE: The data set WORK.POINTS has 6 observations and 4 variables.
NOTE: DATA statement used (Total process time):
      real time           0.00 seconds
      cpu time            0.00 seconds
      

121  ;
122  
123  data team_points2;
124      put _all_;
125      set points;
126      TeamTotal + sum(of Event1, Event2, Event3);
127      put _all_;
128  run;

ParticipantName=  Event1=. Event2=. Event3=. TeamTotal=0 _ERROR_=0 _N_=1
ParticipantName=Sue Event1=6 Event2=8 Event3=8 TeamTotal=22 _ERROR_=0 _N_=1
ParticipantName=Sue Event1=6 Event2=8 Event3=8 TeamTotal=22 _ERROR_=0 _N_=2
ParticipantName=Jane Event1=9 Event2=7 Event3=8 TeamTotal=46 _ERROR_=0 _N_=2
ParticipantName=Jane Event1=9 Event2=7 Event3=8 TeamTotal=46 _ERROR_=0 _N_=3
ParticipantName=John Event1=7 Event2=7 Event3=7 TeamTotal=67 _ERROR_=0 _N_=3
ParticipantName=John Event1=7 Event2=7 Event3=7 TeamTotal=67 _ERROR_=0 _N_=4
ParticipantName=Lisa Event1=8 Event2=9 Event3=9 TeamTotal=93 _ERROR_=0 _N_=4
ParticipantName=Lisa Event1=8 Event2=9 Event3=9 TeamTotal=93 _ERROR_=0 _N_=5
ParticipantName=Fran Event1=7 Event2=6 Event3=6 TeamTotal=112 _ERROR_=0 _N_=5
ParticipantName=Fran Event1=7 Event2=6 Event3=6 TeamTotal=112 _ERROR_=0 _N_=6
ParticipantName=Walter Event1=9 Event2=8 Event3=10 TeamTotal=139 _ERROR_=0 _N_=6
ParticipantName=Walter Event1=9 Event2=8 Event3=10 TeamTotal=139 _ERROR_=0 _N_=7
NOTE: There were 6 observations read from the data set WORK.POINTS.
NOTE: The data set WORK.TEAM_POINTS2 has 6 observations and 5 variables.
NOTE: DATA statement used (Total process time):
      real time           0.00 seconds
      cpu time            0.00 seconds
      

129  
130   data grades;
131   put _all_;
132   StudentID=101; Class="A"; English=80; Math=70; output;
133   put _all_;
134   StudentID=102; Class="B"; English=. ; Math=60; output;
135   put _all_;
136   StudentID=103; Class="A"; English=70; Math=. ; output;
137   put _all_;
138   StudentID=104; Class="A"; English=80; Math=95; output;
139   put _all_;
140   StudentID=105; Class="B"; English=90; Math=80; output;
141   put _all_;
142   run;

StudentID=. Class=  English=. Math=. _ERROR_=0 _N_=1
StudentID=101 Class=A English=80 Math=70 _ERROR_=0 _N_=1
StudentID=102 Class=B English=. Math=60 _ERROR_=0 _N_=1
StudentID=103 Class=A English=70 Math=. _ERROR_=0 _N_=1
StudentID=104 Class=A English=80 Math=95 _ERROR_=0 _N_=1
StudentID=105 Class=B English=90 Math=80 _ERROR_=0 _N_=1
NOTE: The data set WORK.GRADES has 5 observations and 4 variables.
NOTE: DATA statement used (Total process time):
      real time           0.00 seconds
      cpu time            0.00 seconds
      

143  
144   data example3;
145   put _all_;
146   set grades;
147   length eng_cnt math_cnt average 8 ;
148   if English > . then eng_cnt=1 ; else Eng_cnt=0 ;
149   if Math > . then math_cnt=1 ;
150   class_cnt = sum (eng_cnt, math_cnt) ;
151   average = sum (English, Math) / class_cnt ;
152   put _all_;
153   run;

StudentID=. Class=  English=. Math=. eng_cnt=. math_cnt=. average=. class_cnt=. _ERROR_=0
_N_=1
StudentID=101 Class=A English=80 Math=70 eng_cnt=1 math_cnt=1 average=75 class_cnt=2 _ERROR_=0
_N_=1
StudentID=101 Class=A English=80 Math=70 eng_cnt=. math_cnt=. average=. class_cnt=. _ERROR_=0
_N_=2
StudentID=102 Class=B English=. Math=60 eng_cnt=0 math_cnt=1 average=60 class_cnt=1 _ERROR_=0
_N_=2
StudentID=102 Class=B English=. Math=60 eng_cnt=. math_cnt=. average=. class_cnt=. _ERROR_=0
_N_=3
StudentID=103 Class=A English=70 Math=. eng_cnt=1 math_cnt=. average=70 class_cnt=1 _ERROR_=0
_N_=3
StudentID=103 Class=A English=70 Math=. eng_cnt=. math_cnt=. average=. class_cnt=. _ERROR_=0
_N_=4
StudentID=104 Class=A English=80 Math=95 eng_cnt=1 math_cnt=1 average=87.5 class_cnt=2
_ERROR_=0 _N_=4
StudentID=104 Class=A English=80 Math=95 eng_cnt=. math_cnt=. average=. class_cnt=. _ERROR_=0
_N_=5
StudentID=105 Class=B English=90 Math=80 eng_cnt=1 math_cnt=1 average=85 class_cnt=2 _ERROR_=0
_N_=5
StudentID=105 Class=B English=90 Math=80 eng_cnt=. math_cnt=. average=. class_cnt=. _ERROR_=0
_N_=6
NOTE: There were 5 observations read from the data set WORK.GRADES.
NOTE: The data set WORK.EXAMPLE3 has 5 observations and 8 variables.
NOTE: DATA statement used (Total process time):
      real time           0.00 seconds
      cpu time            0.00 seconds
      

154  
155  proc printto;
156  run;

